<?xml version="1.0" encoding="UTF-8"?>
<!-- Generated by org.testng.reporters.JUnitReportReporter -->
<testsuite hostname="DESKTOP-CNAQHTV" failures="0" tests="3" name="runner.playlistRunner" time="11.693" errors="0" timestamp="2024-06-29T12:25:59 IST" skipped="0">
  <testcase classname="runner.playlistRunner" name="runScenario" time="9.298"/>
  <testcase classname="runner.playlistRunner" name="runScenario" time="1.143"/>
  <testcase classname="runner.playlistRunner" name="runScenario" time="1.252"/>
</testsuite> <!-- runner.playlistRunner -->
